#
# A fatal error has been detected by the Java Runtime Environment:
#
#  EXCEPTION_PRIV_INSTRUCTION (0xc0000096) at pc=0x00000000025559ad, pid=6656, tid=0x0000000000001f48
#
# JRE version: Java(TM) SE Runtime Environment (8.0_202-b08) (build 1.8.0_202-b08)
# Java VM: Java HotSpot(TM) 64-Bit Server VM (25.202-b08 mixed mode windows-amd64 compressed oops)
# Problematic frame:
# j  0x00000000025559ad
#
# Failed to write core dump. Minidumps are not enabled by default on client versions of Windows
#
# If you would like to submit a bug report, please visit:
#   http://bugreport.java.com/bugreport/crash.jsp
#

---------------  T H R E A D  ---------------

Current thread (0x00000000165f2800):  JavaThread "background-preinit" [_thread_in_Java, id=8008, stack(0x0000000018240000,0x0000000018340000)]

siginfo: ExceptionCode=0xc0000096

Registers:
RAX=0x0000000000000000, RBX=0x0000000000000041, RCX=0x0000000000000000, RDX=0x0000000000000000
RSP=0x000000001833eff0, RBP=0x000000001833f080, RSI=0x0000000020200020, RDI=0x0000000000000010
R8 =0x0000000000000061, R9 =0x00000000020f18a0, R10=0x0000000000000061, R11=0x000000001833e7c0
R12=0x0000000000000000, R13=0x00000000182241d1, R14=0x000000001833f088, R15=0x00000000165f2800
RIP=0x00000000025559ad, EFLAGS=0x0000000000010206

Top of Stack: (sp=0x000000001833eff0)
0x000000001833eff0:   00000000165f2800 000000001833f088
0x000000001833f000:   0000000000000041 0000000020200020
0x000000001833f010:   00000000182242f8 000000005c6de6f0
0x000000001833f020:   0000000000000006 0000000000000006
0x000000001833f030:   0000000000000010 0000000020200020
0x000000001833f040:   000000001833f080 000000001833f070
0x000000001833f050:   0000000000000041 0000000000000005
0x000000001833f060:   000000001833f088 0000000000000000
0x000000001833f070:   0000000000000000 0000000000182242
0x000000001833f080:   000000001833f0d0 00000000025580e0
0x000000001833f090:   000000001833f090 0000000018223c50
0x000000001833f0a0:   000000001833f0e8 0000000018223db0
0x000000001833f0b0:   0000000000000000 0000000018223c88
0x000000001833f0c0:   000000001833f090 000000001833f0e8
0x000000001833f0d0:   000000001833f130 00000000025583a2
0x000000001833f0e0:   0000000000000000 00000000ec999cb8 

Instructions: (pc=0x00000000025559ad)
0x000000000255598d:   48 b9 c0 df 4c 5c 00 00 00 00 48 ba 37 59 55 02
0x000000000255599d:   00 00 00 00 4c 8b c4 48 83 e4 f0 e8 13 13 c7 59
0x00000000025559ad:   f4 66 90 00 00 00 00 00 00 00 00 00 00 00 00 00
0x00000000025559bd:   00 00 00 80 20 00 00 00 00 00 00 a8 df 4c 5c 00 


Register to memory mapping:

RAX=0x0000000000000000 is an unknown value
RBX=0x0000000000000041 is an unknown value
RCX=0x0000000000000000 is an unknown value
RDX=0x0000000000000000 is an unknown value
RSP=0x000000001833eff0 is pointing into the stack for thread: 0x00000000165f2800
RBP=0x000000001833f080 is pointing into the stack for thread: 0x00000000165f2800
RSI=0x0000000020200020 is an unknown value
RDI=0x0000000000000010 is an unknown value
R8 =0x0000000000000061 is an unknown value
R9 =0x00000000020f18a0 is an unknown value
R10=0x0000000000000061 is an unknown value
R11=0x000000001833e7c0 is pointing into the stack for thread: 0x00000000165f2800
R12=0x0000000000000000 is an unknown value
R13=0x00000000182241d1 is pointing into metadata
R14=0x000000001833f088 is pointing into the stack for thread: 0x00000000165f2800
R15=0x00000000165f2800 is a thread


Stack: [0x0000000018240000,0x0000000018340000],  sp=0x000000001833eff0,  free space=1019k
Native frames: (J=compiled Java code, j=interpreted, Vv=VM code, C=native code)
C  0x00000000025559ad


---------------  P R O C E S S  ---------------

Java Threads: ( => current thread )
=>0x00000000165f2800 JavaThread "background-preinit" [_thread_in_Java, id=8008, stack(0x0000000018240000,0x0000000018340000)]
  0x0000000016fcb800 JavaThread "JMX server connection timeout 20" daemon [_thread_blocked, id=8856, stack(0x0000000017f40000,0x0000000018040000)]
  0x0000000016fca000 JavaThread "RMI TCP Connection(2)-127.0.0.1" daemon [_thread_in_native, id=3384, stack(0x0000000017e40000,0x0000000017f40000)]
  0x0000000016c20000 JavaThread "RMI Scheduler(0)" daemon [_thread_blocked, id=10768, stack(0x0000000017d40000,0x0000000017e40000)]
  0x0000000016c13000 JavaThread "restartedMain" [_thread_in_vm, id=6244, stack(0x0000000017c40000,0x0000000017d40000)]
  0x0000000016bf5000 JavaThread "Thread-1" [_thread_blocked, id=10352, stack(0x0000000017b40000,0x0000000017c40000)]
  0x0000000016bf4800 JavaThread "RMI TCP Connection(1)-127.0.0.1" daemon [_thread_in_native, id=6192, stack(0x0000000017a40000,0x0000000017b40000)]
  0x0000000016d5c000 JavaThread "RMI TCP Accept-0" daemon [_thread_in_native, id=10848, stack(0x0000000017500000,0x0000000017600000)]
  0x0000000016d54000 JavaThread "RMI TCP Accept-53025" daemon [_thread_in_native, id=11000, stack(0x0000000017400000,0x0000000017500000)]
  0x0000000016d48800 JavaThread "RMI TCP Accept-0" daemon [_thread_in_native, id=2960, stack(0x0000000017300000,0x0000000017400000)]
  0x000000001499e000 JavaThread "Service Thread" daemon [_thread_blocked, id=10844, stack(0x00000000166c0000,0x00000000167c0000)]
  0x0000000014954000 JavaThread "C1 CompilerThread2" daemon [_thread_blocked, id=1172, stack(0x00000000161c0000,0x00000000162c0000)]
  0x000000001494e800 JavaThread "C2 CompilerThread1" daemon [_thread_blocked, id=11608, stack(0x00000000160c0000,0x00000000161c0000)]
  0x0000000014942000 JavaThread "C2 CompilerThread0" daemon [_thread_blocked, id=10344, stack(0x0000000015fc0000,0x00000000160c0000)]
  0x0000000014941000 JavaThread "Attach Listener" daemon [_thread_blocked, id=9320, stack(0x0000000015ec0000,0x0000000015fc0000)]
  0x000000001493f800 JavaThread "Signal Dispatcher" daemon [_thread_blocked, id=10792, stack(0x0000000015dc0000,0x0000000015ec0000)]
  0x000000001492a000 JavaThread "Finalizer" daemon [_thread_blocked, id=10004, stack(0x0000000015b90000,0x0000000015c90000)]
  0x0000000002544000 JavaThread "Reference Handler" daemon [_thread_blocked, id=8236, stack(0x0000000015a90000,0x0000000015b90000)]
  0x0000000002455800 JavaThread "main" [_thread_blocked, id=2716, stack(0x0000000002350000,0x0000000002450000)]

Other Threads:
  0x0000000014907800 VMThread [stack: 0x0000000015990000,0x0000000015a90000] [id=2184]
  0x0000000016d5e000 WatcherThread [stack: 0x0000000017600000,0x0000000017700000] [id=2984]

VM state:not at safepoint (normal execution)

VM Mutex/Monitor currently owned by a thread: None

heap address: 0x00000000c4e00000, size: 946 MB, Compressed Oops mode: 32-bit
Narrow klass base: 0x0000000000000000, Narrow klass shift: 3
Compressed class space size: 1073741824 Address: 0x0000000100000000

Heap:
 PSYoungGen      total 33280K, used 8537K [0x00000000ec500000, 0x00000000f0b00000, 0x0000000100000000)
  eden space 30720K, 19% used [0x00000000ec500000,0x00000000ecad9dd0,0x00000000ee300000)
  from space 2560K, 99% used [0x00000000ee300000,0x00000000ee57c778,0x00000000ee580000)
  to   space 5120K, 0% used [0x00000000f0600000,0x00000000f0600000,0x00000000f0b00000)
 ParOldGen       total 40960K, used 4617K [0x00000000c4e00000, 0x00000000c7600000, 0x00000000ec500000)
  object space 40960K, 11% used [0x00000000c4e00000,0x00000000c52825d8,0x00000000c7600000)
 Metaspace       used 13749K, capacity 14438K, committed 14592K, reserved 1062912K
  class space    used 1853K, capacity 2005K, committed 2048K, reserved 1048576K

Card table byte_map: [0x0000000011910000,0x0000000011af0000] byte_map_base: 0x00000000112e9000

Marking Bits: (ParMarkBitMap*) 0x000000005c6f5ce0
 Begin Bits: [0x0000000012030000, 0x0000000012ef8000)
 End Bits:   [0x0000000012ef8000, 0x0000000013dc0000)

Polling page: 0x00000000020e0000

CodeCache: size=245760Kb used=3020Kb max_used=3020Kb free=242739Kb
 bounds [0x0000000002550000, 0x0000000002850000, 0x0000000011550000]
 total_blobs=1672 nmethods=1299 adapters=285
 compilation: enabled

Compilation events (10 events):
Event: 1.418 Thread 0x0000000014954000 nmethod 1280 0x0000000002837fd0 code [0x0000000002838140, 0x0000000002838388]
Event: 1.418 Thread 0x0000000014954000 1282       1       java.lang.reflect.Modifier::isPrivate (12 bytes)
Event: 1.418 Thread 0x0000000014954000 nmethod 1282 0x0000000002838590 code [0x00000000028386e0, 0x00000000028387f0]
Event: 1.418 Thread 0x0000000014954000 1284       1       jdk.internal.org.objectweb.asm.ClassWriter::<init> (122 bytes)
Event: 1.419 Thread 0x0000000014954000 nmethod 1284 0x00000000028389d0 code [0x0000000002838b80, 0x00000000028390c8]
Event: 1.419 Thread 0x0000000014954000 1286       1       jdk.internal.org.objectweb.asm.ClassWriter::toByteArray (1289 bytes)
Event: 1.423 Thread 0x0000000014954000 nmethod 1286 0x0000000002839250 code [0x0000000002839860, 0x000000000283b1f8]
Event: 1.423 Thread 0x0000000014954000 1290       1       jdk.internal.org.objectweb.asm.MethodWriter::getSize (838 bytes)
Event: 1.426 Thread 0x0000000014954000 nmethod 1290 0x000000000283d190 code [0x000000000283d4c0, 0x000000000283e208]
Event: 1.426 Thread 0x0000000014954000 1291       1       org.springframework.core.ResolvableType::as (86 bytes)

GC Heap History (10 events):
Event: 0.842 GC heap before
{Heap before GC invocations=1 (full 0):
 PSYoungGen      total 17920K, used 15360K [0x00000000ec500000, 0x00000000ed900000, 0x0000000100000000)
  eden space 15360K, 100% used [0x00000000ec500000,0x00000000ed400000,0x00000000ed400000)
  from space 2560K, 0% used [0x00000000ed680000,0x00000000ed680000,0x00000000ed900000)
  to   space 2560K, 0% used [0x00000000ed400000,0x00000000ed400000,0x00000000ed680000)
 ParOldGen       total 40960K, used 0K [0x00000000c4e00000, 0x00000000c7600000, 0x00000000ec500000)
  object space 40960K, 0% used [0x00000000c4e00000,0x00000000c4e00000,0x00000000c7600000)
 Metaspace       used 9340K, capacity 9546K, committed 9728K, reserved 1058816K
  class space    used 1157K, capacity 1248K, committed 1280K, reserved 1048576K
Event: 0.849 GC heap after
Heap after GC invocations=1 (full 0):
 PSYoungGen      total 17920K, used 2556K [0x00000000ec500000, 0x00000000ed900000, 0x0000000100000000)
  eden space 15360K, 0% used [0x00000000ec500000,0x00000000ec500000,0x00000000ed400000)
  from space 2560K, 99% used [0x00000000ed400000,0x00000000ed67f250,0x00000000ed680000)
  to   space 2560K, 0% used [0x00000000ed680000,0x00000000ed680000,0x00000000ed900000)
 ParOldGen       total 40960K, used 489K [0x00000000c4e00000, 0x00000000c7600000, 0x00000000ec500000)
  object space 40960K, 1% used [0x00000000c4e00000,0x00000000c4e7a508,0x00000000c7600000)
 Metaspace       used 9340K, capacity 9546K, committed 9728K, reserved 1058816K
  class space    used 1157K, capacity 1248K, committed 1280K, reserved 1048576K
}
Event: 0.950 GC heap before
{Heap before GC invocations=2 (full 0):
 PSYoungGen      total 17920K, used 17893K [0x00000000ec500000, 0x00000000ed900000, 0x0000000100000000)
  eden space 15360K, 99% used [0x00000000ec500000,0x00000000ed3fa3f8,0x00000000ed400000)
  from space 2560K, 99% used [0x00000000ed400000,0x00000000ed67f250,0x00000000ed680000)
  to   space 2560K, 0% used [0x00000000ed680000,0x00000000ed680000,0x00000000ed900000)
 ParOldGen       total 40960K, used 489K [0x00000000c4e00000, 0x00000000c7600000, 0x00000000ec500000)
  object space 40960K, 1% used [0x00000000c4e00000,0x00000000c4e7a508,0x00000000c7600000)
 Metaspace       used 10080K, capacity 10332K, committed 10624K, reserved 1058816K
  class space    used 1254K, capacity 1359K, committed 1408K, reserved 1048576K
Event: 0.954 GC heap after
Heap after GC invocations=2 (full 0):
 PSYoungGen      total 17920K, used 2551K [0x00000000ec500000, 0x00000000ee800000, 0x0000000100000000)
  eden space 15360K, 0% used [0x00000000ec500000,0x00000000ec500000,0x00000000ed400000)
  from space 2560K, 99% used [0x00000000ed680000,0x00000000ed8fde68,0x00000000ed900000)
  to   space 2560K, 0% used [0x00000000ed400000,0x00000000ed400000,0x00000000ed680000)
 ParOldGen       total 40960K, used 1105K [0x00000000c4e00000, 0x00000000c7600000, 0x00000000ec500000)
  object space 40960K, 2% used [0x00000000c4e00000,0x00000000c4f145d0,0x00000000c7600000)
 Metaspace       used 10080K, capacity 10332K, committed 10624K, reserved 1058816K
  class space    used 1254K, capacity 1359K, committed 1408K, reserved 1048576K
}
Event: 0.961 GC heap before
{Heap before GC invocations=3 (full 0):
 PSYoungGen      total 17920K, used 17905K [0x00000000ec500000, 0x00000000ee800000, 0x0000000100000000)
  eden space 15360K, 99% used [0x00000000ec500000,0x00000000ed3fe770,0x00000000ed400000)
  from space 2560K, 99% used [0x00000000ed680000,0x00000000ed8fde68,0x00000000ed900000)
  to   space 2560K, 0% used [0x00000000ed400000,0x00000000ed400000,0x00000000ed680000)
 ParOldGen       total 40960K, used 1105K [0x00000000c4e00000, 0x00000000c7600000, 0x00000000ec500000)
  object space 40960K, 2% used [0x00000000c4e00000,0x00000000c4f145d0,0x00000000c7600000)
 Metaspace       used 10083K, capacity 10332K, committed 10624K, reserved 1058816K
  class space    used 1254K, capacity 1359K, committed 1408K, reserved 1048576K
Event: 0.964 GC heap after
Heap after GC invocations=3 (full 0):
 PSYoungGen      total 17920K, used 2495K [0x00000000ec500000, 0x00000000ee800000, 0x0000000100000000)
  eden space 15360K, 0% used [0x00000000ec500000,0x00000000ec500000,0x00000000ed400000)
  from space 2560K, 97% used [0x00000000ed400000,0x00000000ed66fd68,0x00000000ed680000)
  to   space 2560K, 0% used [0x00000000ee580000,0x00000000ee580000,0x00000000ee800000)
 ParOldGen       total 40960K, used 1113K [0x00000000c4e00000, 0x00000000c7600000, 0x00000000ec500000)
  object space 40960K, 2% used [0x00000000c4e00000,0x00000000c4f165d0,0x00000000c7600000)
 Metaspace       used 10083K, capacity 10332K, committed 10624K, reserved 1058816K
  class space    used 1254K, capacity 1359K, committed 1408K, reserved 1048576K
}
Event: 0.986 GC heap before
{Heap before GC invocations=4 (full 0):
 PSYoungGen      total 17920K, used 17855K [0x00000000ec500000, 0x00000000ee800000, 0x0000000100000000)
  eden space 15360K, 100% used [0x00000000ec500000,0x00000000ed400000,0x00000000ed400000)
  from space 2560K, 97% used [0x00000000ed400000,0x00000000ed66fd68,0x00000000ed680000)
  to   space 2560K, 0% used [0x00000000ee580000,0x00000000ee580000,0x00000000ee800000)
 ParOldGen       total 40960K, used 1113K [0x00000000c4e00000, 0x00000000c7600000, 0x00000000ec500000)
  object space 40960K, 2% used [0x00000000c4e00000,0x00000000c4f165d0,0x00000000c7600000)
 Metaspace       used 10083K, capacity 10332K, committed 10624K, reserved 1058816K
  class space    used 1254K, capacity 1359K, committed 1408K, reserved 1048576K
Event: 0.991 GC heap after
Heap after GC invocations=4 (full 0):
 PSYoungGen      total 33280K, used 2545K [0x00000000ec500000, 0x00000000ee800000, 0x0000000100000000)
  eden space 30720K, 0% used [0x00000000ec500000,0x00000000ec500000,0x00000000ee300000)
  from space 2560K, 99% used [0x00000000ee580000,0x00000000ee7fc778,0x00000000ee800000)
  to   space 2560K, 0% used [0x00000000ee300000,0x00000000ee300000,0x00000000ee580000)
 ParOldGen       total 40960K, used 1457K [0x00000000c4e00000, 0x00000000c7600000, 0x00000000ec500000)
  object space 40960K, 3% used [0x00000000c4e00000,0x00000000c4f6c6b8,0x00000000c7600000)
 Metaspace       used 10083K, capacity 10332K, committed 10624K, reserved 1058816K
  class space    used 1254K, capacity 1359K, committed 1408K, reserved 1048576K
}
Event: 1.370 GC heap before
{Heap before GC invocations=5 (full 0):
 PSYoungGen      total 33280K, used 33265K [0x00000000ec500000, 0x00000000ee800000, 0x0000000100000000)
  eden space 30720K, 100% used [0x00000000ec500000,0x00000000ee300000,0x00000000ee300000)
  from space 2560K, 99% used [0x00000000ee580000,0x00000000ee7fc778,0x00000000ee800000)
  to   space 2560K, 0% used [0x00000000ee300000,0x00000000ee300000,0x00000000ee580000)
 ParOldGen       total 40960K, used 1457K [0x00000000c4e00000, 0x00000000c7600000, 0x00000000ec500000)
  object space 40960K, 3% used [0x00000000c4e00000,0x00000000c4f6c6b8,0x00000000c7600000)
 Metaspace       used 13218K, capacity 13842K, committed 13952K, reserved 1060864K
  class space    used 1738K, capacity 1897K, committed 1920K, reserved 1048576K
Event: 1.379 GC heap after
Heap after GC invocations=5 (full 0):
 PSYoungGen      total 33280K, used 2545K [0x00000000ec500000, 0x00000000f0b00000, 0x0000000100000000)
  eden space 30720K, 0% used [0x00000000ec500000,0x00000000ec500000,0x00000000ee300000)
  from space 2560K, 99% used [0x00000000ee300000,0x00000000ee57c778,0x00000000ee580000)
  to   space 5120K, 0% used [0x00000000f0600000,0x00000000f0600000,0x00000000f0b00000)
 ParOldGen       total 40960K, used 4617K [0x00000000c4e00000, 0x00000000c7600000, 0x00000000ec500000)
  object space 40960K, 11% used [0x00000000c4e00000,0x00000000c52825d8,0x00000000c7600000)
 Metaspace       used 13218K, capacity 13842K, committed 13952K, reserved 1060864K
  class space    used 1738K, capacity 1897K, committed 1920K, reserved 1048576K
}

Deoptimization events (0 events):
No events

Classes redefined (0 events):
No events

Internal exceptions (10 events):
Event: 1.237 Thread 0x0000000016c13000 Exception <a 'java/lang/NoSuchMethodError': java.lang.Object.lambda$or$2(Ljava/util/function/BiPredicate;Ljava/lang/Object;Ljava/lang/Object;)Z> (0x00000000ed84fa28) thrown at [C:\re\workspace\8-2-build-windows-amd64-cygwin\jdk8u202\12323\hotspot\src\shar
Event: 1.239 Thread 0x0000000016c13000 Exception <a 'java/lang/NoSuchMethodError': java.lang.Object.lambda$chars$0()Ljava/util/Spliterator$OfInt;> (0x00000000ed866870) thrown at [C:\re\workspace\8-2-build-windows-amd64-cygwin\jdk8u202\12323\hotspot\src\share\vm\interpreter\linkResolver.cpp, li
Event: 1.272 Thread 0x0000000016c13000 Exception <a 'java/lang/NoSuchMethodError': java.lang.Object.lambda$comparing$77a9974f$1(Ljava/util/function/Function;Ljava/lang/Object;Ljava/lang/Object;)I> (0x00000000edb85600) thrown at [C:\re\workspace\8-2-build-windows-amd64-cygwin\jdk8u202\12323\hot
Event: 1.286 Thread 0x0000000016c13000 Exception <a 'java/lang/ArrayIndexOutOfBoundsException'> (0x00000000edcaf960) thrown at [C:\re\workspace\8-2-build-windows-amd64-cygwin\jdk8u202\12323\hotspot\src\share\vm\runtime\sharedRuntime.cpp, line 605]
Event: 1.287 Thread 0x0000000016c13000 Exception <a 'java/lang/ArrayIndexOutOfBoundsException'> (0x00000000edcc7a58) thrown at [C:\re\workspace\8-2-build-windows-amd64-cygwin\jdk8u202\12323\hotspot\src\share\vm\runtime\sharedRuntime.cpp, line 605]
Event: 1.288 Thread 0x0000000016c13000 Exception <a 'java/lang/ArrayIndexOutOfBoundsException'> (0x00000000edcc9320) thrown at [C:\re\workspace\8-2-build-windows-amd64-cygwin\jdk8u202\12323\hotspot\src\share\vm\runtime\sharedRuntime.cpp, line 605]
Event: 1.296 Thread 0x0000000016c13000 Exception <a 'java/lang/NoSuchMethodError': java.lang.Object.lambda$from$1(Ljava/util/function/Supplier;Lorg/springframework/boot/BootstrapContext;)Ljava/lang/Object;> (0x00000000edd8e330) thrown at [C:\re\workspace\8-2-build-windows-amd64-cygwin\jdk8u202
Event: 1.328 Thread 0x0000000016c13000 Exception <a 'java/lang/ArrayIndexOutOfBoundsException'> (0x00000000ee0195a8) thrown at [C:\re\workspace\8-2-build-windows-amd64-cygwin\jdk8u202\12323\hotspot\src\share\vm\runtime\sharedRuntime.cpp, line 605]
Event: 1.333 Thread 0x0000000016c13000 Exception <a 'java/lang/NoSuchMethodError': java.lang.Object.lambda$of$0(Ljava/lang/Object;Lorg/springframework/boot/BootstrapContext;)Ljava/lang/Object;> (0x00000000ee0a1b38) thrown at [C:\re\workspace\8-2-build-windows-amd64-cygwin\jdk8u202\12323\hotspo
Event: 1.341 Thread 0x0000000016c13000 Exception <a 'java/lang/ArrayIndexOutOfBoundsException'> (0x00000000ee11b960) thrown at [C:\re\workspace\8-2-build-windows-amd64-cygwin\jdk8u202\12323\hotspot\src\share\vm\runtime\sharedRuntime.cpp, line 605]

Events (10 events):
Event: 1.422 loading class org/springframework/boot/autoconfigure/BackgroundPreinitializer$ConversionServiceInitializer
Event: 1.422 loading class org/springframework/boot/autoconfigure/BackgroundPreinitializer$ConversionServiceInitializer done
Event: 1.423 loading class org/springframework/boot/context/properties/bind/Bindable
Event: 1.423 loading class org/springframework/boot/context/properties/bind/Bindable done
Event: 1.424 loading class org/springframework/boot/EnvironmentConverter
Event: 1.424 loading class org/springframework/boot/EnvironmentConverter done
Event: 1.424 loading class org/springframework/boot/autoconfigure/BackgroundPreinitializer$ValidationInitializer
Event: 1.424 loading class org/springframework/boot/autoconfigure/BackgroundPreinitializer$ValidationInitializer done
Event: 1.425 loading class javax/validation/Validation
Event: 1.425 loading class javax/validation/Validation done


Dynamic libraries:
0x00007ff6f7770000 - 0x00007ff6f77a7000 	C:\Program Files\Java\jre1.8.0_202\bin\javaw.exe
0x00007ffa4a4f0000 - 0x00007ffa4a6e6000 	C:\WINDOWS\SYSTEM32\ntdll.dll
0x00007ffa49fd0000 - 0x00007ffa4a08d000 	C:\WINDOWS\System32\KERNEL32.DLL
0x00007ffa47e50000 - 0x00007ffa48118000 	C:\WINDOWS\System32\KERNELBASE.dll
0x00007ffa49c60000 - 0x00007ffa49d0c000 	C:\WINDOWS\System32\ADVAPI32.dll
0x00007ffa491f0000 - 0x00007ffa4928e000 	C:\WINDOWS\System32\msvcrt.dll
0x00007ffa49700000 - 0x00007ffa4979b000 	C:\WINDOWS\System32\sechost.dll
0x00007ffa49940000 - 0x00007ffa49a63000 	C:\WINDOWS\System32\RPCRT4.dll
0x00007ffa497a0000 - 0x00007ffa49940000 	C:\WINDOWS\System32\USER32.dll
0x00007ffa47c30000 - 0x00007ffa47c52000 	C:\WINDOWS\System32\win32u.dll
0x00007ffa49fa0000 - 0x00007ffa49fca000 	C:\WINDOWS\System32\GDI32.dll
0x00007ffa47c60000 - 0x00007ffa47d69000 	C:\WINDOWS\System32\gdi32full.dll
0x00007ffa48300000 - 0x00007ffa4839d000 	C:\WINDOWS\System32\msvcp_win.dll
0x00007ffa483f0000 - 0x00007ffa484f0000 	C:\WINDOWS\System32\ucrtbase.dll
0x00007ffa419f0000 - 0x00007ffa41c8b000 	C:\WINDOWS\WinSxS\amd64_microsoft.windows.common-controls_6595b64144ccf1df_6.0.19041.488_none_ca04af081b815d21\COMCTL32.dll
0x00007ffa49290000 - 0x00007ffa492c0000 	C:\WINDOWS\System32\IMM32.DLL
0x000000005cae0000 - 0x000000005cbb2000 	C:\Program Files\Java\jre1.8.0_202\bin\msvcr100.dll
0x000000005bed0000 - 0x000000005c775000 	C:\Program Files\Java\jre1.8.0_202\bin\server\jvm.dll
0x00007ffa496f0000 - 0x00007ffa496f8000 	C:\WINDOWS\System32\PSAPI.DLL
0x00007ffa3b860000 - 0x00007ffa3b887000 	C:\WINDOWS\SYSTEM32\WINMM.dll
0x00007ffa430f0000 - 0x00007ffa430f9000 	C:\WINDOWS\SYSTEM32\WSOCK32.dll
0x00007ffa49bd0000 - 0x00007ffa49c3b000 	C:\WINDOWS\System32\WS2_32.dll
0x00007ffa3c270000 - 0x00007ffa3c27a000 	C:\WINDOWS\SYSTEM32\VERSION.dll
0x00007ffa43bf0000 - 0x00007ffa43bff000 	C:\Program Files\Java\jre1.8.0_202\bin\verify.dll
0x00007ffa38400000 - 0x00007ffa38429000 	C:\Program Files\Java\jre1.8.0_202\bin\java.dll
0x00007ffa43bd0000 - 0x00007ffa43be6000 	C:\Program Files\Java\jre1.8.0_202\bin\zip.dll
0x00007ffa48550000 - 0x00007ffa48c91000 	C:\WINDOWS\System32\SHELL32.dll
0x00007ffa45d80000 - 0x00007ffa46515000 	C:\WINDOWS\SYSTEM32\windows.storage.dll
0x00007ffa4a150000 - 0x00007ffa4a4a5000 	C:\WINDOWS\System32\combase.dll
0x00007ffa476a0000 - 0x00007ffa476cc000 	C:\WINDOWS\SYSTEM32\Wldp.dll
0x00007ffa49e90000 - 0x00007ffa49f3e000 	C:\WINDOWS\System32\SHCORE.dll
0x00007ffa49d10000 - 0x00007ffa49d65000 	C:\WINDOWS\System32\shlwapi.dll
0x00007ffa47b60000 - 0x00007ffa47b86000 	C:\WINDOWS\SYSTEM32\profapi.dll
0x00007ffa43ae0000 - 0x00007ffa43aed000 	C:\Program Files\Java\jre1.8.0_202\bin\management.dll
0x00007ffa3a480000 - 0x00007ffa3a49a000 	C:\Program Files\Java\jre1.8.0_202\bin\net.dll
0x00007ffa3a770000 - 0x00007ffa3a95d000 	C:\WINDOWS\SYSTEM32\urlmon.dll
0x00007ffa35c70000 - 0x00007ffa35f20000 	C:\WINDOWS\SYSTEM32\iertutil.dll
0x00007ffa47420000 - 0x00007ffa4748a000 	C:\WINDOWS\system32\mswsock.dll
0x00007ffa386c0000 - 0x00007ffa386d2000 	C:\Program Files\Java\jre1.8.0_202\bin\nio.dll
0x00007ffa33490000 - 0x00007ffa334a7000 	C:\WINDOWS\system32\napinsp.dll
0x00007ffa33400000 - 0x00007ffa3341b000 	C:\WINDOWS\system32\pnrpnsp.dll
0x00007ffa333e0000 - 0x00007ffa333f5000 	C:\WINDOWS\system32\wshbth.dll
0x00007ffa43a90000 - 0x00007ffa43aad000 	C:\WINDOWS\system32\NLAapi.dll
0x00007ffa470c0000 - 0x00007ffa470fb000 	C:\WINDOWS\SYSTEM32\IPHLPAPI.DLL
0x00007ffa47110000 - 0x00007ffa471db000 	C:\WINDOWS\SYSTEM32\DNSAPI.dll
0x00007ffa4a090000 - 0x00007ffa4a098000 	C:\WINDOWS\System32\NSI.dll
0x00007ffa333c0000 - 0x00007ffa333d2000 	C:\WINDOWS\System32\winrnr.dll
0x00007ffa3b460000 - 0x00007ffa3b46a000 	C:\Windows\System32\rasadhlp.dll
0x00007ffa3bd60000 - 0x00007ffa3bddf000 	C:\WINDOWS\System32\fwpuclnt.dll
0x00007ffa47d70000 - 0x00007ffa47d97000 	C:\WINDOWS\System32\bcrypt.dll
0x00007ffa475f0000 - 0x00007ffa47608000 	C:\WINDOWS\SYSTEM32\CRYPTSP.dll
0x00007ffa46d40000 - 0x00007ffa46d74000 	C:\WINDOWS\system32\rsaenh.dll
0x00007ffa47ae0000 - 0x00007ffa47b0e000 	C:\WINDOWS\SYSTEM32\USERENV.dll
0x00007ffa48120000 - 0x00007ffa4819f000 	C:\WINDOWS\System32\bcryptprimitives.dll
0x00007ffa47610000 - 0x00007ffa4761c000 	C:\WINDOWS\SYSTEM32\CRYPTBASE.dll
0x00007ffa3cff0000 - 0x00007ffa3d007000 	C:\WINDOWS\SYSTEM32\dhcpcsvc6.DLL
0x00007ffa3e160000 - 0x00007ffa3e17d000 	C:\WINDOWS\SYSTEM32\dhcpcsvc.DLL
0x00007ffa373d0000 - 0x00007ffa375b4000 	C:\WINDOWS\SYSTEM32\dbghelp.dll

VM Arguments:
jvm_args: -Dcom.sun.management.jmxremote -Dcom.sun.management.jmxremote.port=53025 -Dcom.sun.management.jmxremote.authenticate=false -Dcom.sun.management.jmxremote.ssl=false -Djava.rmi.server.hostname=localhost -Dspring.jmx.enabled=true -Dspring.application.admin.enabled=true -Xverify:none -XX:TieredStopAtLevel=1 -Dspring.boot.project.name=PlanetSoftProjectDejan -Dfile.encoding=UTF-8 
java_command: com.dejanBlog.PlanetSoftProjectDejanApplication
java_class_path (initial): C:\Users\WIN10\Desktop\workspace\PlanetSoftProjectDejan\target\classes;C:\Users\WIN10\.m2\repository\javax\javaee-web-api\6.0\javaee-web-api-6.0.jar;C:\Users\WIN10\.m2\repository\org\springframework\boot\spring-boot-starter-data-jpa\2.4.0\spring-boot-starter-data-jpa-2.4.0.jar;C:\Users\WIN10\.m2\repository\org\springframework\boot\spring-boot-starter-aop\2.4.0\spring-boot-starter-aop-2.4.0.jar;C:\Users\WIN10\.m2\repository\org\aspectj\aspectjweaver\1.9.6\aspectjweaver-1.9.6.jar;C:\Users\WIN10\.m2\repository\org\springframework\boot\spring-boot-starter-jdbc\2.4.0\spring-boot-starter-jdbc-2.4.0.jar;C:\Users\WIN10\.m2\repository\com\zaxxer\HikariCP\3.4.5\HikariCP-3.4.5.jar;C:\Users\WIN10\.m2\repository\org\springframework\spring-jdbc\5.3.1\spring-jdbc-5.3.1.jar;C:\Users\WIN10\.m2\repository\jakarta\transaction\jakarta.transaction-api\1.3.3\jakarta.transaction-api-1.3.3.jar;C:\Users\WIN10\.m2\repository\jakarta\persistence\jakarta.persistence-api\2.2.3\jakarta.persistence-api-2.2.3.jar;C:\Users\WIN10\.m2\repository\org\hibernate\hibernate-core\5.4.23.Final\hibernate-core-5.4.23.Final.jar;C:\Users\WIN10\.m2\repository\org\jboss\logging\jboss-logging\3.4.1.Final\jboss-logging-3.4.1.Final.jar;C:\Users\WIN10\.m2\repository\org\javassist\javassist\3.24.0-GA\javassist-3.24.0-GA.jar;C:\Users\WIN10\.m2\repository\net\bytebuddy\byte-buddy\1.10.18\byte-buddy-1.10.18.jar;C:\Users\WIN10\.m2\repository\antlr\antlr\2.7.7\antlr-2.7.7.jar;C:\Users\WIN10\.m2\repository\org\jboss\jandex\2.1.3.Final\jandex-2.1.3.Final.jar;C:\Users\WIN10\.m2\repository\com\fasterxml\classmate\1.5.1\classmate-1.5.1.jar;C:\Users\WIN10\.m2\repository\org\dom4j\dom4j\2.1.3\dom4j-2.1.3.jar;C:\Users\WIN10\.m2\repository\org\hibernate\common\hibernate-commons-annotations\5.1.2.Final\hibernate-commons-annotations-5.1.2.Final.jar;C:\Users\WIN10\.m2\repository\org\glassfish\jaxb\jaxb-runtime\2.3.3\jaxb-runtime-2.3.3.jar;C:\Users\WIN10\.m2\repository\org\glassfish\jaxb\txw2\2.3.3\txw2-2.3
Launcher Type: SUN_STANDARD

Environment Variables:
PATH=C:/Program Files/Java/jdk-13.0.2/bin/server;C:/Program Files/Java/jdk-13.0.2/bin;C:\Program Files (x86)\Common Files\Oracle\Java\javapath;C:\WINDOWS\system32;C:\WINDOWS;C:\WINDOWS\System32\Wbem;C:\WINDOWS\System32\WindowsPowerShell\v1.0\;C:\WINDOWS\System32\OpenSSH\;C:\Program Files\Git\cmd;C:\Program Files\nodejs\;C:\Program Files\MySQL\MySQL Shell 8.0\bin\;C:\Users\WIN10\AppData\Local\Microsoft\WindowsApps;C:\Users\WIN10\AppData\Roaming\npm;C:\Users\WIN10\AppData\Local\GitHubDesktop\bin;C:\Users\WIN10\AppData\Local\Programs\Microsoft VS Code\bin;C:\Users\WIN10\Desktop;
USERNAME=WIN10
OS=Windows_NT
PROCESSOR_IDENTIFIER=Intel64 Family 6 Model 69 Stepping 1, GenuineIntel



---------------  S Y S T E M  ---------------

OS: Windows 10.0 , 64 bit Build 19041 (10.0.19041.546)

CPU:total 4 (initial active 4) (2 cores per cpu, 2 threads per core) family 6 model 69 stepping 1, cmov, cx8, fxsr, mmx, sse, sse2, sse3, ssse3, sse4.1, sse4.2, popcnt, avx, avx2, aes, clmul, erms, lzcnt, ht, tsc, tscinvbit, bmi1, bmi2

Memory: 4k page, physical 3874604k(481928k free), swap 8836720k(1611972k free)

vm_info: Java HotSpot(TM) 64-Bit Server VM (25.202-b08) for windows-amd64 JRE (1.8.0_202-b08), built on Dec 15 2018 19:54:30 by "java_re" with MS VC++ 10.0 (VS2010)

time: Tue Nov 17 14:17:57 2020
timezone: Central European Standard Time
elapsed time: 1 seconds (0d 0h 0m 1s)

